# Logfile created on 2014-08-14 17:06:55 +0800 by logger.rb/44203
D, [2014-08-14T17:06:55.344339 #21577] DEBUG -- : REQUESTING PAGE: GET /static_pages/home with {} and HTTP headers {}
D, [2014-08-14T17:06:55.396821 #21577] DEBUG -- : REQUESTING PAGE: GET /static_pages/help with {} and HTTP headers {}
D, [2014-08-14T17:06:55.401008 #21577] DEBUG -- : REQUESTING PAGE: GET /static_pages/about with {} and HTTP headers {}
D, [2014-08-14T17:06:55.404795 #21577] DEBUG -- : REQUESTING PAGE: GET /static_pages/contact with {} and HTTP headers {}
D, [2014-08-14T17:06:57.240244 #21585] DEBUG -- : REQUESTING PAGE: GET /static_pages/about with {} and HTTP headers {}
D, [2014-08-14T17:06:57.278638 #21585] DEBUG -- : REQUESTING PAGE: GET /static_pages/home with {} and HTTP headers {}
D, [2014-08-14T17:06:57.284641 #21585] DEBUG -- : REQUESTING PAGE: GET /static_pages/contact with {} and HTTP headers {}
D, [2014-08-14T17:06:57.289668 #21585] DEBUG -- : REQUESTING PAGE: GET /static_pages/help with {} and HTTP headers {}
D, [2014-08-14T17:06:59.076067 #21595] DEBUG -- : REQUESTING PAGE: GET /static_pages/home with {} and HTTP headers {}
D, [2014-08-14T17:06:59.115054 #21595] DEBUG -- : REQUESTING PAGE: GET /static_pages/about with {} and HTTP headers {}
D, [2014-08-14T17:06:59.120057 #21595] DEBUG -- : REQUESTING PAGE: GET /static_pages/contact with {} and HTTP headers {}
D, [2014-08-14T17:06:59.124444 #21595] DEBUG -- : REQUESTING PAGE: GET /static_pages/help with {} and HTTP headers {}
D, [2014-08-14T17:07:00.884851 #21605] DEBUG -- : REQUESTING PAGE: GET /static_pages/help with {} and HTTP headers {}
D, [2014-08-14T17:07:00.923342 #21605] DEBUG -- : REQUESTING PAGE: GET /static_pages/contact with {} and HTTP headers {}
D, [2014-08-14T17:07:00.928417 #21605] DEBUG -- : REQUESTING PAGE: GET /static_pages/about with {} and HTTP headers {}
D, [2014-08-14T17:07:00.932793 #21605] DEBUG -- : REQUESTING PAGE: GET /static_pages/home with {} and HTTP headers {}
D, [2014-08-14T17:07:02.732619 #21615] DEBUG -- : REQUESTING PAGE: GET /static_pages/about with {} and HTTP headers {}
D, [2014-08-14T17:07:02.772310 #21615] DEBUG -- : REQUESTING PAGE: GET /static_pages/contact with {} and HTTP headers {}
D, [2014-08-14T17:07:02.778249 #21615] DEBUG -- : REQUESTING PAGE: GET /static_pages/home with {} and HTTP headers {}
D, [2014-08-14T17:07:02.783079 #21615] DEBUG -- : REQUESTING PAGE: GET /static_pages/help with {} and HTTP headers {}
D, [2014-08-14T17:07:04.554970 #21625] DEBUG -- : REQUESTING PAGE: GET /static_pages/contact with {} and HTTP headers {}
D, [2014-08-14T17:07:04.593795 #21625] DEBUG -- : REQUESTING PAGE: GET /static_pages/home with {} and HTTP headers {}
D, [2014-08-14T17:07:04.598798 #21625] DEBUG -- : REQUESTING PAGE: GET /static_pages/about with {} and HTTP headers {}
D, [2014-08-14T17:07:04.603323 #21625] DEBUG -- : REQUESTING PAGE: GET /static_pages/help with {} and HTTP headers {}
D, [2014-08-14T17:07:06.409227 #21635] DEBUG -- : REQUESTING PAGE: GET /static_pages/home with {} and HTTP headers {}
D, [2014-08-14T17:07:06.449928 #21635] DEBUG -- : REQUESTING PAGE: GET /static_pages/help with {} and HTTP headers {}
D, [2014-08-14T17:07:06.455148 #21635] DEBUG -- : REQUESTING PAGE: GET /static_pages/contact with {} and HTTP headers {}
D, [2014-08-14T17:07:06.459909 #21635] DEBUG -- : REQUESTING PAGE: GET /static_pages/about with {} and HTTP headers {}
D, [2014-08-14T17:07:08.222173 #21645] DEBUG -- : REQUESTING PAGE: GET /static_pages/home with {} and HTTP headers {}
D, [2014-08-14T17:07:08.260452 #21645] DEBUG -- : REQUESTING PAGE: GET /static_pages/contact with {} and HTTP headers {}
D, [2014-08-14T17:07:08.265619 #21645] DEBUG -- : REQUESTING PAGE: GET /static_pages/about with {} and HTTP headers {}
D, [2014-08-14T17:07:08.270103 #21645] DEBUG -- : REQUESTING PAGE: GET /static_pages/help with {} and HTTP headers {}
D, [2014-08-14T17:07:10.018646 #21655] DEBUG -- : REQUESTING PAGE: GET /static_pages/help with {} and HTTP headers {}
D, [2014-08-14T17:07:10.058270 #21655] DEBUG -- : REQUESTING PAGE: GET /static_pages/contact with {} and HTTP headers {}
D, [2014-08-14T17:07:10.063561 #21655] DEBUG -- : REQUESTING PAGE: GET /static_pages/about with {} and HTTP headers {}
D, [2014-08-14T17:07:10.068280 #21655] DEBUG -- : REQUESTING PAGE: GET /static_pages/home with {} and HTTP headers {}
D, [2014-08-14T17:07:11.826799 #21666] DEBUG -- : REQUESTING PAGE: GET /static_pages/help with {} and HTTP headers {}
D, [2014-08-14T17:07:11.865245 #21666] DEBUG -- : REQUESTING PAGE: GET /static_pages/about with {} and HTTP headers {}
D, [2014-08-14T17:07:11.870329 #21666] DEBUG -- : REQUESTING PAGE: GET /static_pages/home with {} and HTTP headers {}
D, [2014-08-14T17:07:11.875029 #21666] DEBUG -- : REQUESTING PAGE: GET /static_pages/contact with {} and HTTP headers {}
D, [2014-08-14T17:07:13.642632 #21676] DEBUG -- : REQUESTING PAGE: GET /static_pages/about with {} and HTTP headers {}
D, [2014-08-14T17:07:13.714948 #21676] DEBUG -- : REQUESTING PAGE: GET /static_pages/help with {} and HTTP headers {}
D, [2014-08-14T17:07:13.720322 #21676] DEBUG -- : REQUESTING PAGE: GET /static_pages/contact with {} and HTTP headers {}
D, [2014-08-14T17:07:13.725059 #21676] DEBUG -- : REQUESTING PAGE: GET /static_pages/home with {} and HTTP headers {}
D, [2014-08-14T17:07:41.962012 #21698] DEBUG -- : REQUESTING PAGE: GET /static_pages/contact with {} and HTTP headers {}
D, [2014-08-14T17:07:41.999806 #21698] DEBUG -- : REQUESTING PAGE: GET /static_pages/help with {} and HTTP headers {}
D, [2014-08-14T17:07:42.004997 #21698] DEBUG -- : REQUESTING PAGE: GET /static_pages/about with {} and HTTP headers {}
D, [2014-08-14T17:07:42.009639 #21698] DEBUG -- : REQUESTING PAGE: GET /static_pages/home with {} and HTTP headers {}
